{
  "generated_at_utc": "2026-06-18T20:34:17.306084+00:00",
  "panel_csv": "/Users/01chungee10/Github/TOSS/reports/backtests/random500_seed20260607_2022-01-01_2025-12-31_ohlcv_panel.csv",
  "data_counts": {
    "PANEL_CACHE": 496
  },
  "period": {
    "start": "2022-01-01",
    "end": "2025-12-31"
  },
  "top_n": 10,
  "costs": {
    "round_trip_bps": 31.0
  },
  "variants": [
    {
      "name": "open_to_next_open_bottom_5d_reversal",
      "score_col": "mom_5d_prev",
      "ascending": true,
      "return_col": "open_open_ret",
      "active_days": 967,
      "total_trades": 9660,
      "final_value_krw": 36233.62,
      "total_return_pct": -96.38,
      "cagr_pct": -56.49,
      "max_drawdown_pct": -96.71,
      "sharpe": -2.019,
      "win_rate_pct": 44.05,
      "profit_factor": 0.721
    },
    {
      "name": "close_to_next_close_bottom_5d_reversal",
      "score_col": "mom_5d_prev",
      "ascending": true,
      "return_col": "close_next_close_ret",
      "active_days": 967,
      "total_trades": 9660,
      "final_value_krw": 19664.68,
      "total_return_pct": -98.03,
      "cagr_pct": -62.68,
      "max_drawdown_pct": -98.2,
      "sharpe": -2.7,
      "win_rate_pct": 41.47,
      "profit_factor": 0.641
    },
    {
      "name": "intraday_bottom_5d_reversal",
      "score_col": "mom_5d_prev",
      "ascending": true,
      "return_col": "open_close_ret",
      "active_days": 968,
      "total_trades": 9670,
      "final_value_krw": 12862.78,
      "total_return_pct": -98.71,
      "cagr_pct": -66.45,
      "max_drawdown_pct": -98.72,
      "sharpe": -3.262,
      "win_rate_pct": 41.12,
      "profit_factor": 0.584
    },
    {
      "name": "intraday_bottom_1d_reversal",
      "score_col": "ret_1d_prev",
      "ascending": true,
      "return_col": "open_close_ret",
      "active_days": 972,
      "total_trades": 9710,
      "final_value_krw": 4409.73,
      "total_return_pct": -99.56,
      "cagr_pct": -74.35,
      "max_drawdown_pct": -99.57,
      "sharpe": -3.937,
      "win_rate_pct": 38.37,
      "profit_factor": 0.524
    },
    {
      "name": "close_to_next_close_top_5d_momentum",
      "score_col": "mom_5d_prev",
      "ascending": false,
      "return_col": "close_next_close_ret",
      "active_days": 967,
      "total_trades": 9650,
      "final_value_krw": 2978.2,
      "total_return_pct": -99.7,
      "cagr_pct": -76.76,
      "max_drawdown_pct": -99.76,
      "sharpe": -3.533,
      "win_rate_pct": 39.4,
      "profit_factor": 0.561
    },
    {
      "name": "open_to_next_open_top_5d_momentum",
      "score_col": "mom_5d_prev",
      "ascending": false,
      "return_col": "open_open_ret",
      "active_days": 967,
      "total_trades": 9650,
      "final_value_krw": 209.25,
      "total_return_pct": -99.98,
      "cagr_pct": -88.06,
      "max_drawdown_pct": -99.98,
      "sharpe": -4.761,
      "win_rate_pct": 35.57,
      "profit_factor": 0.465
    },
    {
      "name": "intraday_top_5d_momentum",
      "score_col": "mom_5d_prev",
      "ascending": false,
      "return_col": "open_close_ret",
      "active_days": 968,
      "total_trades": 9660,
      "final_value_krw": 57.37,
      "total_return_pct": -99.99,
      "cagr_pct": -91.37,
      "max_drawdown_pct": -99.99,
      "sharpe": -6.584,
      "win_rate_pct": 33.47,
      "profit_factor": 0.341
    },
    {
      "name": "intraday_top_1d_momentum",
      "score_col": "ret_1d_prev",
      "ascending": false,
      "return_col": "open_close_ret",
      "active_days": 971,
      "total_trades": 9693,
      "final_value_krw": 45.37,
      "total_return_pct": -100.0,
      "cagr_pct": -91.86,
      "max_drawdown_pct": -100.0,
      "sharpe": -6.781,
      "win_rate_pct": 32.54,
      "profit_factor": 0.336
    }
  ],
  "best_variant": {
    "name": "open_to_next_open_bottom_5d_reversal",
    "score_col": "mom_5d_prev",
    "ascending": true,
    "return_col": "open_open_ret",
    "active_days": 967,
    "total_trades": 9660,
    "final_value_krw": 36233.62,
    "total_return_pct": -96.38,
    "cagr_pct": -56.49,
    "max_drawdown_pct": -96.71,
    "sharpe": -2.019,
    "win_rate_pct": 44.05,
    "profit_factor": 0.721
  },
  "outputs": {
    "summary_csv": "/Users/01chungee10/Github/TOSS/reports/backtests/random500_seed20260607_daily_strategy_sweep_2022-01-01_2025-12-31_summary.csv",
    "best_picks_csv": "/Users/01chungee10/Github/TOSS/reports/backtests/random500_seed20260607_daily_strategy_sweep_2022-01-01_2025-12-31_best_picks.csv"
  },
  "disclaimer": "Research-only daily buy/sell strategy sweep; not investment advice; live orders not submitted."
}
REPORT_MD=/Users/01chungee10/Github/TOSS/reports/backtests/random500_seed20260607_daily_strategy_sweep_2022-01-01_2025-12-31.md
SUMMARY_CSV=/Users/01chungee10/Github/TOSS/reports/backtests/random500_seed20260607_daily_strategy_sweep_2022-01-01_2025-12-31_summary.csv
BEST_PICKS_CSV=/Users/01chungee10/Github/TOSS/reports/backtests/random500_seed20260607_daily_strategy_sweep_2022-01-01_2025-12-31_best_picks.csv
REPORT_JSON=/Users/01chungee10/Github/TOSS/reports/backtests/random500_seed20260607_daily_strategy_sweep_2022-01-01_2025-12-31.json
{
  "generated_at_utc": "2026-06-18T20:34:45.052076+00:00",
  "grid_size": 144,
  "situations": [
    "down_high_vol",
    "down_low_vol",
    "flat_high_vol",
    "flat_low_vol",
    "up_high_vol",
    "up_low_vol"
  ],
  "approved_situations": {
    "down_low_vol": {
      "situation": "down_low_vol",
      "momentum_col": "mom_5d",
      "vol_col": "vol_20d",
      "mode": "reversal",
      "return_col": "cc_next_ret",
      "top_n": 3,
      "min_dollar_volume": 100000000,
      "min_abs_momentum": 0.0,
      "objective": 2.2783,
      "train_test_return_gap_pct": 5.77,
      "train_test_sharpe_gap": 2.982,
      "train_days": 55,
      "train_active_days": 55,
      "train_total_trades": 165,
      "train_final_value_krw": 1118098.27,
      "train_total_return_pct": 11.81,
      "train_cagr_pct": 6.9,
      "train_max_drawdown_pct": -10.88,
      "train_sharpe": 1.353,
      "train_win_rate_pct": 45.45,
      "train_profit_factor": 1.274,
      "test_days": 18,
      "test_active_days": 18,
      "test_total_trades": 54,
      "test_final_value_krw": 1175779.99,
      "test_total_return_pct": 17.58,
      "test_cagr_pct": 31.67,
      "test_max_drawdown_pct": -4.56,
      "test_sharpe": 4.335,
      "test_win_rate_pct": 44.44,
      "test_profit_factor": 2.296
    },
    "flat_high_vol": {
      "situation": "flat_high_vol",
      "momentum_col": "mom_20d",
      "vol_col": "vol_20d",
      "mode": "reversal",
      "return_col": "oo_ret",
      "top_n": 3,
      "min_dollar_volume": 100000000,
      "min_abs_momentum": 0.0,
      "objective": 0.8732,
      "train_test_return_gap_pct": 3.46,
      "train_test_sharpe_gap": 2.197,
      "train_days": 74,
      "train_active_days": 73,
      "train_total_trades": 217,
      "train_final_value_krw": 1035113.95,
      "train_total_return_pct": 3.51,
      "train_cagr_pct": 1.2,
      "train_max_drawdown_pct": -13.04,
      "train_sharpe": 0.48,
      "train_win_rate_pct": 49.32,
      "train_profit_factor": 1.087,
      "test_days": 17,
      "test_active_days": 17,
      "test_total_trades": 51,
      "test_final_value_krw": 1069714.19,
      "test_total_return_pct": 6.97,
      "test_cagr_pct": 7.42,
      "test_max_drawdown_pct": -7.89,
      "test_sharpe": 2.677,
      "test_win_rate_pct": 52.94,
      "test_profit_factor": 1.49
    }
  },
  "selected_by_situation_before_validation_gate": {
    "down_high_vol": {
      "situation": "down_high_vol",
      "momentum_col": "mom_1d",
      "vol_col": "vol_20d",
      "mode": "reversal",
      "return_col": "cc_next_ret",
      "top_n": 3,
      "min_dollar_volume": 100000000,
      "min_abs_momentum": 0.0,
      "objective": -0.0032,
      "train_test_return_gap_pct": 54.85,
      "train_test_sharpe_gap": 11.742,
      "train_days": 200,
      "train_active_days": 200,
      "train_total_trades": 600,
      "train_final_value_krw": 702735.52,
      "train_total_return_pct": -29.73,
      "train_cagr_pct": -11.48,
      "train_max_drawdown_pct": -42.94,
      "train_sharpe": -0.662,
      "train_win_rate_pct": 46.5,
      "train_profit_factor": 0.896,
      "test_days": 6,
      "test_active_days": 6,
      "test_total_trades": 18,
      "test_final_value_krw": 1251206.32,
      "test_total_return_pct": 25.12,
      "test_cagr_pct": 42.09,
      "test_max_drawdown_pct": -1.38,
      "test_sharpe": 11.08,
      "test_win_rate_pct": 50.0,
      "test_profit_factor": 8.01
    },
    "down_low_vol": {
      "situation": "down_low_vol",
      "momentum_col": "mom_5d",
      "vol_col": "vol_20d",
      "mode": "reversal",
      "return_col": "cc_next_ret",
      "top_n": 3,
      "min_dollar_volume": 100000000,
      "min_abs_momentum": 0.0,
      "objective": 2.2783,
      "train_test_return_gap_pct": 5.77,
      "train_test_sharpe_gap": 2.982,
      "train_days": 55,
      "train_active_days": 55,
      "train_total_trades": 165,
      "train_final_value_krw": 1118098.27,
      "train_total_return_pct": 11.81,
      "train_cagr_pct": 6.9,
      "train_max_drawdown_pct": -10.88,
      "train_sharpe": 1.353,
      "train_win_rate_pct": 45.45,
      "train_profit_factor": 1.274,
      "test_days": 18,
      "test_active_days": 18,
      "test_total_trades": 54,
      "test_final_value_krw": 1175779.99,
      "test_total_return_pct": 17.58,
      "test_cagr_pct": 31.67,
      "test_max_drawdown_pct": -4.56,
      "test_sharpe": 4.335,
      "test_win_rate_pct": 44.44,
      "test_profit_factor": 2.296
    },
    "flat_high_vol": {
      "situation": "flat_high_vol",
      "momentum_col": "mom_20d",
      "vol_col": "vol_20d",
      "mode": "reversal",
      "return_col": "oo_ret",
      "top_n": 3,
      "min_dollar_volume": 100000000,
      "min_abs_momentum": 0.0,
      "objective": 0.8732,
      "train_test_return_gap_pct": 3.46,
      "train_test_sharpe_gap": 2.197,
      "train_days": 74,
      "train_active_days": 73,
      "train_total_trades": 217,
      "train_final_value_krw": 1035113.95,
      "train_total_return_pct": 3.51,
      "train_cagr_pct": 1.2,
      "train_max_drawdown_pct": -13.04,
      "train_sharpe": 0.48,
      "train_win_rate_pct": 49.32,
      "train_profit_factor": 1.087,
      "test_days": 17,
      "test_active_days": 17,
      "test_total_trades": 51,
      "test_final_value_krw": 1069714.19,
      "test_total_return_pct": 6.97,
      "test_cagr_pct": 7.42,
      "test_max_drawdown_pct": -7.89,
      "test_sharpe": 2.677,
      "test_win_rate_pct": 52.94,
      "test_profit_factor": 1.49
    },
    "flat_low_vol": {
      "situation": "flat_low_vol",
      "momentum_col": "mom_5d",
      "vol_col": "vol_20d",
      "mode": "momentum",
      "return_col": "cc_next_ret",
      "top_n": 3,
      "min_dollar_volume": 100000000,
      "min_abs_momentum": 0.03,
      "objective": -0.7194,
      "train_test_return_gap_pct": 24.84,
      "train_test_sharpe_gap": 1.013,
      "train_days": 182,
      "train_active_days": 162,
      "train_total_trades": 486,
      "train_final_value_krw": 829507.85,
      "train_total_return_pct": -17.05,
      "train_cagr_pct": -6.38,
      "train_max_drawdown_pct": -59.71,
      "train_sharpe": -0.104,
      "train_win_rate_pct": 40.12,
      "train_profit_factor": 0.981,
      "test_days": 52,
      "test_active_days": 52,
      "test_total_trades": 156,
      "test_final_value_krw": 1077908.82,
      "test_total_return_pct": 7.79,
      "test_cagr_pct": 11.83,
      "test_max_drawdown_pct": -21.14,
      "test_sharpe": 0.909,
      "test_win_rate_pct": 44.23,
      "test_profit_factor": 1.174
    },
    "up_high_vol": {
      "situation": "up_high_vol",
      "momentum_col": "mom_1d",
      "vol_col": "vol_20d",
      "mode": "reversal",
      "return_col": "oo_ret",
      "top_n": 10,
      "min_dollar_volume": 100000000,
      "min_abs_momentum": 0.03,
      "objective": -0.8606,
      "train_test_return_gap_pct": 2.12,
      "train_test_sharpe_gap": 0.444,
      "train_days": 82,
      "train_active_days": 82,
      "train_total_trades": 755,
      "train_final_value_krw": 987857.58,
      "train_total_return_pct": -1.21,
      "train_cagr_pct": -0.44,
      "train_max_drawdown_pct": -15.74,
      "train_sharpe": 0.047,
      "train_win_rate_pct": 48.78,
      "train_profit_factor": 1.008,
      "test_days": 53,
      "test_active_days": 53,
      "test_total_trades": 516,
      "test_final_value_krw": 966747.49,
      "test_total_return_pct": -3.33,
      "test_cagr_pct": -3.5,
      "test_max_drawdown_pct": -15.35,
      "test_sharpe": -0.397,
      "test_win_rate_pct": 49.06,
      "test_profit_factor": 0.938
    },
    "up_low_vol": {
      "situation": "up_low_vol",
      "momentum_col": "mom_20d",
      "vol_col": "vol_20d",
      "mode": "momentum",
      "return_col": "cc_next_ret",
      "top_n": 3,
      "min_dollar_volume": 100000000,
      "min_abs_momentum": 0.0,
      "objective": -3.4902,
      "train_test_return_gap_pct": 16.9,
      "train_test_sharpe_gap": 1.389,
      "train_days": 140,
      "train_active_days": 140,
      "train_total_trades": 420,
      "train_final_value_krw": 755714.15,
      "train_total_return_pct": -24.43,
      "train_cagr_pct": -10.42,
      "train_max_drawdown_pct": -33.26,
      "train_sharpe": -0.846,
      "train_win_rate_pct": 44.29,
      "train_profit_factor": 0.859,
      "test_days": 95,
      "test_active_days": 94,
      "test_total_trades": 282,
      "test_final_value_krw": 586657.46,
      "test_total_return_pct": -41.33,
      "test_cagr_pct": -42.86,
      "test_max_drawdown_pct": -42.6,
      "test_sharpe": -2.235,
      "test_win_rate_pct": 45.74,
      "test_profit_factor": 0.668
    }
  },
  "combined_train": {
    "days": 733,
    "active_days": 128,
    "total_trades": 382,
    "final_value_krw": 1157359.12,
    "total_return_pct": 15.74,
    "cagr_pct": 5.01,
    "max_drawdown_pct": -18.45,
    "sharpe": 0.36,
    "win_rate_pct": 47.66,
    "profit_factor": 1.162
  },
  "combined_test": {
    "days": 241,
    "active_days": 35,
    "total_trades": 105,
    "final_value_krw": 1257748.53,
    "total_return_pct": 25.77,
    "cagr_pct": 26.03,
    "max_drawdown_pct": -9.71,
    "sharpe": 1.379,
    "win_rate_pct": 48.57,
    "profit_factor": 1.872
  },
  "combined_all": {
    "days": 974,
    "active_days": 163,
    "total_trades": 487,
    "final_value_krw": 1455666.74,
    "total_return_pct": 45.57,
    "cagr_pct": 9.88,
    "max_drawdown_pct": -19.15,
    "sharpe": 0.612,
    "win_rate_pct": 47.85,
    "profit_factor": 1.296
  },
  "policy_path": "/Users/01chungee10/Github/TOSS/config/generated_policies/contextual_daily_policy_seed20260607.json",
  "outputs": {
    "all_trials": "/Users/01chungee10/Github/TOSS/reports/backtests/random500_seed20260607_contextual_optimizer_2022-01-01_2025-12-31_all_trials.csv",
    "selected": "/Users/01chungee10/Github/TOSS/reports/backtests/random500_seed20260607_contextual_optimizer_2022-01-01_2025-12-31_selected_by_situation.csv",
    "daily": "/Users/01chungee10/Github/TOSS/reports/backtests/random500_seed20260607_contextual_optimizer_2022-01-01_2025-12-31_combined_daily_curve.csv",
    "picks": "/Users/01chungee10/Github/TOSS/reports/backtests/random500_seed20260607_contextual_optimizer_2022-01-01_2025-12-31_combined_picks.csv"
  },
  "disclaimer": "Research-only contextual optimization; not investment advice; live orders not submitted."
}
REPORT_MD=/Users/01chungee10/Github/TOSS/reports/backtests/random500_seed20260607_contextual_optimizer_2022-01-01_2025-12-31.md
POLICY=/Users/01chungee10/Github/TOSS/config/generated_policies/contextual_daily_policy_seed20260607.json
MANIFEST_JSON=/Users/01chungee10/Github/TOSS/reports/backtests/daily_data_strategy_pipeline_manifest.json
MANIFEST_MD=/Users/01chungee10/Github/TOSS/reports/backtests/daily_data_strategy_pipeline_manifest.md
PANEL_CSV=/Users/01chungee10/Github/TOSS/reports/backtests/random500_seed20260607_2022-01-01_2025-12-31_ohlcv_panel.csv
POLICY_JSON=/Users/01chungee10/Github/TOSS/config/generated_policies/contextual_daily_policy_seed20260607.json
SHEET_ID=1rIawUGSPb0140dgBEom6BfIcG8MaxgYeuOuQBDcI4Ns
SHEET_URL=https://docs.google.com/spreadsheets/d/1rIawUGSPb0140dgBEom6BfIcG8MaxgYeuOuQBDcI4Ns/edit
